[32m2026-01-18 01:57:31 +0300[0m - dagster - [34mDEBUG[0m - medical_telegram_pipeline - 24ae72ce-7940-41e0-80ff-aa5c0c7b1e6a - 154762 - LOGS_CAPTURED - Started capturing logs in process (pid: 154762).
[32m2026-01-18 01:57:31 +0300[0m - dagster - [34mDEBUG[0m - medical_telegram_pipeline - 24ae72ce-7940-41e0-80ff-aa5c0c7b1e6a - 154762 - run_dbt_transformations - STEP_START - Started execution of step "run_dbt_transformations".
[32m2026-01-18 01:57:49 +0300[0m - dagster - [34mERROR[0m - [31mmedical_telegram_pipeline - 24ae72ce-7940-41e0-80ff-aa5c0c7b1e6a - 154762 - run_dbt_transformations - STEP_FAILURE - Execution of step "run_dbt_transformations" failed.

dagster._core.errors.DagsterExecutionStepExecutionError: Error occurred while executing op "run_dbt_transformations"::

Exception: dbt run failed: 

Stack Trace:
  File "/home/nabi/miniconda3/envs/kaim_week1/lib/python3.11/site-packages/dagster/_core/execution/plan/utils.py", line 57, in op_execution_error_boundary
    yield
  File "/home/nabi/miniconda3/envs/kaim_week1/lib/python3.11/site-packages/dagster/_utils/__init__.py", line 394, in iterate_with_context
    next_output = next(iterator)
                  ^^^^^^^^^^^^^^
  File "/home/nabi/miniconda3/envs/kaim_week1/lib/python3.11/site-packages/dagster/_core/execution/plan/compute_generator.py", line 135, in _coerce_op_compute_fn_to_iterator
    result = invoke_compute_fn(
             ^^^^^^^^^^^^^^^^^^
  File "/home/nabi/miniconda3/envs/kaim_week1/lib/python3.11/site-packages/dagster/_core/execution/plan/compute_generator.py", line 115, in invoke_compute_fn
    return fn(context, **args_to_pass) if context_arg_provided else fn(**args_to_pass)
                                                                    ^^^^^^^^^^^^^^^^^^
  File "/home/nabi/medical-telegram-warehouse/pipeline.py", line 29, in run_dbt_transformations
    raise Exception(f"dbt run failed: {result.stderr}")
[0m
[32m2026-01-18 01:57:49 +0300[0m - dagster - [34mDEBUG[0m - medical_telegram_pipeline - 24ae72ce-7940-41e0-80ff-aa5c0c7b1e6a - run_dbt_transformations - HOOK_COMPLETED - Finished the execution of hook "notify_on_failure" triggered for "run_dbt_transformations".
